<?xml version="1.0" encoding="UTF-8"?>
<testsuite xmlns:xsi="http://www.w3.org/2001/XMLSchema-instance" xsi:noNamespaceSchemaLocation="https://maven.apache.org/surefire/maven-surefire-plugin/xsd/surefire-test-report.xsd" version="3.0.2" name="ke.unify.ecommerce.CustomerApplicationTests" time="4.399" tests="1" errors="0" skipped="0" failures="0">
  <properties>
[...]
</properties>
  <testcase name="contextLoads" classname="ke.unify.ecommerce.CustomerApplicationTests" time="0.637">
    <system-out><![CDATA[10:38:40.763 [main] INFO org.springframework.test.context.support.AnnotationConfigContextLoaderUtils -- Could not detect default configuration classes for test class [ke.unify.ecommerce.CustomerApplicationTests]: CustomerApplicationTests does not declare any static, non-private, non-final, nested classes annotated with @Configuration.
10:38:40.865 [main] INFO org.springframework.boot.test.context.SpringBootTestContextBootstrapper -- Found @SpringBootConfiguration ke.unify.ecommerce.CustomerApplication for test class ke.unify.ecommerce.CustomerApplicationTests

  .   ____          _            __ _ _
 /\\ / ___'_ __ _ _(_)_ __  __ _ \ \ \ \
( ( )\___ | '_ | '_| | '_ \/ _` | \ \ \ \
 \\/  ___)| |_)| | | | | || (_| |  ) ) ) )
  '  |____| .__|_| |_|_| |_\__, | / / / /
 =========|_|==============|___/=/_/_/_/

 :: Spring Boot ::                (v3.4.2)

2025-01-30T10:38:41.964+03:00  INFO 55693 --- [customer-service] [           main] k.u.ecommerce.CustomerApplicationTests   : Starting CustomerApplicationTests using Java 17.0.13 with PID 55693 (started by dominic in /home/dominic/academy/domie/java/e-commerce-app/services/customer)
2025-01-30T10:38:41.967+03:00  INFO 55693 --- [customer-service] [           main] k.u.ecommerce.CustomerApplicationTests   : No active profile set, falling back to 1 default profile: "default"
2025-01-30T10:38:41.990+03:00  INFO 55693 --- [customer-service] [           main] o.s.c.c.c.ConfigServerConfigDataLoader   : Fetching config from server at : http://localhost:8888
2025-01-30T10:38:41.990+03:00  INFO 55693 --- [customer-service] [           main] o.s.c.c.c.ConfigServerConfigDataLoader   : Located environment: name=customer-service, profiles=[default], label=null, version=null, state=null
2025-01-30T10:38:42.578+03:00  INFO 55693 --- [customer-service] [           main] .s.d.r.c.RepositoryConfigurationDelegate : Bootstrapping Spring Data MongoDB repositories in DEFAULT mode.
2025-01-30T10:38:42.689+03:00  INFO 55693 --- [customer-service] [           main] .s.d.r.c.RepositoryConfigurationDelegate : Finished Spring Data repository scanning in 105 ms. Found 1 MongoDB repository interface.
2025-01-30T10:38:42.903+03:00  INFO 55693 --- [customer-service] [           main] o.s.cloud.context.scope.GenericScope     : BeanFactory id=6a22fc16-5e73-3949-9404-5ae3a56e78fb
2025-01-30T10:38:43.163+03:00  INFO 55693 --- [customer-service] [           main] org.mongodb.driver.client                : MongoClient with metadata {"driver": {"name": "mongo-java-driver|sync|spring-boot", "version": "5.2.1"}, "os": {"type": "Linux", "name": "Linux", "architecture": "amd64", "version": "6.8.0-51-generic"}, "platform": "Java/Ubuntu/17.0.13+11-Ubuntu-2ubuntu122.04"} created with settings MongoClientSettings{readPreference=primary, writeConcern=WriteConcern{w=null, wTimeout=null ms, journal=null}, retryWrites=true, retryReads=true, readConcern=ReadConcern{level=null}, credential=MongoCredential{mechanism=null, userName='domie', source='admin', password=<hidden>, mechanismProperties=<hidden>}, transportSettings=null, commandListeners=[], codecRegistry=ProvidersCodecRegistry{codecProviders=[ValueCodecProvider{}, BsonValueCodecProvider{}, DBRefCodecProvider{}, DBObjectCodecProvider{}, DocumentCodecProvider{}, CollectionCodecProvider{}, IterableCodecProvider{}, MapCodecProvider{}, GeoJsonCodecProvider{}, GridFSFileCodecProvider{}, Jsr310CodecProvider{}, JsonObjectCodecProvider{}, BsonCodecProvider{}, EnumCodecProvider{}, com.mongodb.client.model.mql.ExpressionCodecProvider@27bb74e1, com.mongodb.Jep395RecordCodecProvider@606d6d2c, com.mongodb.KotlinCodecProvider@2e3cd732]}, loggerSettings=LoggerSettings{maxDocumentLength=1000}, clusterSettings={hosts=[localhost:27017], srvServiceName=mongodb, mode=SINGLE, requiredClusterType=UNKNOWN, requiredReplicaSetName='null', serverSelector='null', clusterListeners='[]', serverSelectionTimeout='30000 ms', localThreshold='15 ms'}, socketSettings=SocketSettings{connectTimeoutMS=10000, readTimeoutMS=0, receiveBufferSize=0, proxySettings=ProxySettings{host=null, port=null, username=null, password=null}}, heartbeatSocketSettings=SocketSettings{connectTimeoutMS=10000, readTimeoutMS=10000, receiveBufferSize=0, proxySettings=ProxySettings{host=null, port=null, username=null, password=null}}, connectionPoolSettings=ConnectionPoolSettings{maxSize=100, minSize=0, maxWaitTimeMS=120000, maxConnectionLifeTimeMS=0, maxConnectionIdleTimeMS=0, maintenanceInitialDelayMS=0, maintenanceFrequencyMS=60000, connectionPoolListeners=[], maxConnecting=2}, serverSettings=ServerSettings{heartbeatFrequencyMS=10000, minHeartbeatFrequencyMS=500, serverMonitoringMode=AUTO, serverListeners='[]', serverMonitorListeners='[]'}, sslSettings=SslSettings{enabled=false, invalidHostNameAllowed=false, context=null}, applicationName='null', compressorList=[], uuidRepresentation=JAVA_LEGACY, serverApi=null, autoEncryptionSettings=null, dnsClient=null, inetAddressResolver=null, contextProvider=null, timeoutMS=null}
2025-01-30T10:38:43.180+03:00  INFO 55693 --- [customer-service] [localhost:27017] org.mongodb.driver.cluster               : Monitor thread successfully connected to server with description ServerDescription{address=localhost:27017, type=STANDALONE, cryptd=false, state=CONNECTED, ok=true, minWireVersion=0, maxWireVersion=25, maxDocumentSize=16777216, logicalSessionTimeoutMinutes=30, roundTripTimeNanos=20708279, minRoundTripTimeNanos=0}
2025-01-30T10:38:43.941+03:00  INFO 55693 --- [customer-service] [           main] DiscoveryClientOptionalArgsConfiguration : Eureka HTTP Client uses RestTemplate.
2025-01-30T10:38:43.979+03:00  WARN 55693 --- [customer-service] [           main] iguration$LoadBalancerCaffeineWarnLogger : Spring Cloud LoadBalancer is currently working with the default cache. While this cache implementation is useful for development and tests, it's recommended to use Caffeine cache in production.You can switch to using Caffeine cache, by adding it and org.springframework.cache.caffeine.CaffeineCacheManager to the classpath.
2025-01-30T10:38:44.002+03:00  INFO 55693 --- [customer-service] [           main] o.s.c.n.eureka.InstanceInfoFactory       : Setting initial instance status as: STARTING
2025-01-30T10:38:44.023+03:00  INFO 55693 --- [customer-service] [           main] com.netflix.discovery.DiscoveryClient    : Initializing Eureka in region us-east-1
2025-01-30T10:38:44.027+03:00  INFO 55693 --- [customer-service] [           main] c.n.d.s.r.aws.ConfigClusterResolver      : Resolving eureka endpoints via configuration
2025-01-30T10:38:44.036+03:00  INFO 55693 --- [customer-service] [           main] com.netflix.discovery.DiscoveryClient    : Disable delta property : false
2025-01-30T10:38:44.036+03:00  INFO 55693 --- [customer-service] [           main] com.netflix.discovery.DiscoveryClient    : Single vip registry refresh property : null
2025-01-30T10:38:44.036+03:00  INFO 55693 --- [customer-service] [           main] com.netflix.discovery.DiscoveryClient    : Force full registry fetch : false
2025-01-30T10:38:44.036+03:00  INFO 55693 --- [customer-service] [           main] com.netflix.discovery.DiscoveryClient    : Application is null : false
2025-01-30T10:38:44.036+03:00  INFO 55693 --- [customer-service] [           main] com.netflix.discovery.DiscoveryClient    : Registered Applications size is zero : true
2025-01-30T10:38:44.036+03:00  INFO 55693 --- [customer-service] [           main] com.netflix.discovery.DiscoveryClient    : Application version is -1: true
2025-01-30T10:38:44.037+03:00  INFO 55693 --- [customer-service] [           main] com.netflix.discovery.DiscoveryClient    : Getting all instance registry info from the eureka server
2025-01-30T10:38:44.326+03:00  INFO 55693 --- [customer-service] [           main] com.netflix.discovery.DiscoveryClient    : The response status is 200
2025-01-30T10:38:44.328+03:00  INFO 55693 --- [customer-service] [           main] com.netflix.discovery.DiscoveryClient    : Starting heartbeat executor: renew interval is: 30
2025-01-30T10:38:44.330+03:00  INFO 55693 --- [customer-service] [           main] c.n.discovery.InstanceInfoReplicator     : InstanceInfoReplicator onDemand update allowed rate per min is 4
2025-01-30T10:38:44.332+03:00  INFO 55693 --- [customer-service] [           main] com.netflix.discovery.DiscoveryClient    : Discovery Client initialized at timestamp 1738222724332 with initial instances count: 0
2025-01-30T10:38:44.337+03:00  INFO 55693 --- [customer-service] [           main] o.s.c.n.e.s.EurekaServiceRegistry        : Registering application CUSTOMER-SERVICE with eureka with status UP
2025-01-30T10:38:44.338+03:00  INFO 55693 --- [customer-service] [           main] com.netflix.discovery.DiscoveryClient    : Saw local status change event StatusChangeEvent [timestamp=1738222724338, current=UP, previous=STARTING]
2025-01-30T10:38:44.341+03:00  INFO 55693 --- [customer-service] [foReplicator-%d] com.netflix.discovery.DiscoveryClient    : DiscoveryClient_CUSTOMER-SERVICE/192.168.1.8:customer-service:8090: registering service...
2025-01-30T10:38:44.357+03:00  INFO 55693 --- [customer-service] [           main] k.u.ecommerce.CustomerApplicationTests   : Started CustomerApplicationTests in 3.19 seconds (process running for 4.208)
2025-01-30T10:38:44.382+03:00  INFO 55693 --- [customer-service] [foReplicator-%d] com.netflix.discovery.DiscoveryClient    : DiscoveryClient_CUSTOMER-SERVICE/192.168.1.8:customer-service:8090 - registration status: 204
]]></system-out>
  </testcase>
</testsuite>