<?xml version="1.0" encoding="UTF-8"?>
<testsuite xmlns:xsi="http://www.w3.org/2001/XMLSchema-instance" xsi:noNamespaceSchemaLocation="https://maven.apache.org/surefire/maven-surefire-plugin/xsd/surefire-test-report.xsd" version="3.0.2" name="ke.unify.configserver.ConfigServerApplicationTests" time="2.529" tests="1" errors="0" skipped="0" failures="0">
  <properties>
[...]
</properties>
  <testcase name="contextLoads" classname="ke.unify.configserver.ConfigServerApplicationTests" time="0.582">
    <system-out><![CDATA[16:32:38.514 [main] INFO org.springframework.test.context.support.AnnotationConfigContextLoaderUtils -- Could not detect default configuration classes for test class [ke.unify.configserver.ConfigServerApplicationTests]: ConfigServerApplicationTests does not declare any static, non-private, non-final, nested classes annotated with @Configuration.
16:32:38.607 [main] INFO org.springframework.boot.test.context.SpringBootTestContextBootstrapper -- Found @SpringBootConfiguration ke.unify.configserver.ConfigServerApplication for test class ke.unify.configserver.ConfigServerApplicationTests

  .   ____          _            __ _ _
 /\\ / ___'_ __ _ _(_)_ __  __ _ \ \ \ \
( ( )\___ | '_ | '_| | '_ \/ _` | \ \ \ \
 \\/  ___)| |_)| | | | | || (_| |  ) ) ) )
  '  |____| .__|_| |_|_| |_\__, | / / / /
 =========|_|==============|___/=/_/_/_/

 :: Spring Boot ::                (v3.4.2)

2025-01-29T16:32:39.191+03:00  INFO 29015 --- [config-server] [           main] k.u.c.ConfigServerApplicationTests       : Starting ConfigServerApplicationTests using Java 17.0.13 with PID 29015 (started by dominic in /home/dominic/academy/domie/java/e-commerce-app/services/config-server)
2025-01-29T16:32:39.193+03:00  INFO 29015 --- [config-server] [           main] k.u.c.ConfigServerApplicationTests       : No active profile set, falling back to 1 default profile: "default"
2025-01-29T16:32:39.875+03:00  INFO 29015 --- [config-server] [           main] o.s.cloud.context.scope.GenericScope     : BeanFactory id=7a5ce9ad-c2ca-3fb4-b8be-bba859ef10ba
2025-01-29T16:32:40.314+03:00  INFO 29015 --- [config-server] [           main] k.u.c.ConfigServerApplicationTests       : Started ConfigServerApplicationTests in 1.412 seconds (process running for 2.36)
]]></system-out>
  </testcase>
</testsuite>